<?xml version="1.0" encoding="UTF-8"?>
<!-- Generated by org.testng.reporters.JUnitReportReporter -->
<testsuite skipped="0" hostname="LAPTOP-I5HJHNVQ" name="com.intbanking.testcase.Tc_02_LogInValidation" tests="2" failures="0" timestamp="2021-12-13T18:17:51 IST" time="4.808" errors="0">
  <testcase name="LoginDataValidation" time="3.196" classname="com.intbanking.testcase.Tc_02_LogInValidation"/>
  <system-out/>
  <testcase name="LoginDataValidation" time="1.612" classname="com.intbanking.testcase.Tc_02_LogInValidation"/>
  <system-out/>
</testsuite> <!-- com.intbanking.testcase.Tc_02_LogInValidation -->
