<?xml version="1.0" encoding="UTF-8"?>
<!-- Generated by org.testng.reporters.JUnitReportReporter -->
<testsuite skipped="0" hostname="LAPTOP-I5HJHNVQ" name="TestScripts.ValidateEmailfield" tests="1" failures="0" timestamp="2021-12-05T19:09:03 IST" time="0.005" errors="0">
  <testcase name="validateBlankEmailfield" time="0.005" classname="TestScripts.ValidateEmailfield"/>
  <system-out/>
</testsuite> <!-- TestScripts.ValidateEmailfield -->
