<?xml version="1.0" encoding="UTF-8"?>
<!-- Generated by org.testng.reporters.JUnitReportReporter -->
<testsuite skipped="0" hostname="LAPTOP-I5HJHNVQ" name="com.intbanking.testcase.LoginTest" tests="1" failures="0" timestamp="2021-12-13T18:17:51 IST" time="1.244" errors="0">
  <testcase name="testLogin" time="1.244" classname="com.intbanking.testcase.LoginTest"/>
  <system-out/>
</testsuite> <!-- com.intbanking.testcase.LoginTest -->
