<?xml version="1.0" encoding="UTF-8"?>
<!-- Generated by org.testng.reporters.JUnitReportReporter -->
<testsuite skipped="0" hostname="LAPTOP-I5HJHNVQ" name="OpeningBowser" tests="1" failures="0" timestamp="2021-12-05T18:22:20 IST" time="13.598" errors="0">
  <testcase name="openingBowserwindow" time="13.598" classname="OpeningBowser"/>
  <system-out/>
</testsuite> <!-- OpeningBowser -->
